2025-05-24 20:56:23,263 - INFO - Бот запущен
2025-05-24 20:56:23,474 - WARNING - Расписание на 24.05.2025 не найдено
2025-05-24 20:56:23,475 - ERROR - Не удалось обновить расписание
2025-05-24 20:56:23,735 - INFO - HTTP Request: POST https://api.telegram.org/bot7402773153:AAFxzD6OGtPEdsH87l9v_sfv6_3nOlg3PD4/getMe "HTTP/1.1 200 OK"
2025-05-24 20:56:23,738 - INFO - Application started
2025-05-24 20:56:23,820 - INFO - HTTP Request: POST https://api.telegram.org/bot7402773153:AAFxzD6OGtPEdsH87l9v_sfv6_3nOlg3PD4/deleteWebhook "HTTP/1.1 200 OK"
2025-05-24 20:56:34,142 - INFO - HTTP Request: POST https://api.telegram.org/bot7402773153:AAFxzD6OGtPEdsH87l9v_sfv6_3nOlg3PD4/getUpdates "HTTP/1.1 200 OK"
2025-05-24 20:56:44,282 - INFO - HTTP Request: POST https://api.telegram.org/bot7402773153:AAFxzD6OGtPEdsH87l9v_sfv6_3nOlg3PD4/getUpdates "HTTP/1.1 200 OK"
2025-05-24 20:56:54,426 - INFO - HTTP Request: POST https://api.telegram.org/bot7402773153:AAFxzD6OGtPEdsH87l9v_sfv6_3nOlg3PD4/getUpdates "HTTP/1.1 200 OK"
2025-05-24 20:57:04,556 - INFO - HTTP Request: POST https://api.telegram.org/bot7402773153:AAFxzD6OGtPEdsH87l9v_sfv6_3nOlg3PD4/getUpdates "HTTP/1.1 200 OK"
2025-05-24 20:57:14,695 - INFO - HTTP Request: POST https://api.telegram.org/bot7402773153:AAFxzD6OGtPEdsH87l9v_sfv6_3nOlg3PD4/getUpdates "HTTP/1.1 200 OK"
2025-05-24 20:57:24,832 - INFO - HTTP Request: POST https://api.telegram.org/bot7402773153:AAFxzD6OGtPEdsH87l9v_sfv6_3nOlg3PD4/getUpdates "HTTP/1.1 200 OK"
2025-05-24 20:57:29,439 - INFO - HTTP Request: POST https://api.telegram.org/bot7402773153:AAFxzD6OGtPEdsH87l9v_sfv6_3nOlg3PD4/getUpdates "HTTP/1.1 200 OK"
2025-05-24 20:57:29,448 - INFO - Подписчики сохранены: {1096212717}
2025-05-24 20:57:29,748 - INFO - HTTP Request: POST https://api.telegram.org/bot7402773153:AAFxzD6OGtPEdsH87l9v_sfv6_3nOlg3PD4/sendMessage "HTTP/1.1 200 OK"
2025-05-24 20:57:29,753 - INFO - Новый подписчик: 1096212717
2025-05-24 20:57:39,560 - INFO - HTTP Request: POST https://api.telegram.org/bot7402773153:AAFxzD6OGtPEdsH87l9v_sfv6_3nOlg3PD4/getUpdates "HTTP/1.1 200 OK"
2025-05-24 20:57:49,643 - INFO - HTTP Request: POST https://api.telegram.org/bot7402773153:AAFxzD6OGtPEdsH87l9v_sfv6_3nOlg3PD4/getUpdates "HTTP/1.1 200 OK"
2025-05-24 20:57:59,732 - INFO - HTTP Request: POST https://api.telegram.org/bot7402773153:AAFxzD6OGtPEdsH87l9v_sfv6_3nOlg3PD4/getUpdates "HTTP/1.1 200 OK"
2025-05-24 20:58:09,888 - INFO - HTTP Request: POST https://api.telegram.org/bot7402773153:AAFxzD6OGtPEdsH87l9v_sfv6_3nOlg3PD4/getUpdates "HTTP/1.1 200 OK"
2025-05-24 20:58:20,036 - INFO - HTTP Request: POST https://api.telegram.org/bot7402773153:AAFxzD6OGtPEdsH87l9v_sfv6_3nOlg3PD4/getUpdates "HTTP/1.1 200 OK"
2025-05-24 20:58:30,167 - INFO - HTTP Request: POST https://api.telegram.org/bot7402773153:AAFxzD6OGtPEdsH87l9v_sfv6_3nOlg3PD4/getUpdates "HTTP/1.1 200 OK"
2025-05-24 20:58:40,304 - INFO - HTTP Request: POST https://api.telegram.org/bot7402773153:AAFxzD6OGtPEdsH87l9v_sfv6_3nOlg3PD4/getUpdates "HTTP/1.1 200 OK"
2025-05-24 20:58:50,397 - INFO - HTTP Request: POST https://api.telegram.org/bot7402773153:AAFxzD6OGtPEdsH87l9v_sfv6_3nOlg3PD4/getUpdates "HTTP/1.1 200 OK"
2025-05-24 20:59:00,560 - INFO - HTTP Request: POST https://api.telegram.org/bot7402773153:AAFxzD6OGtPEdsH87l9v_sfv6_3nOlg3PD4/getUpdates "HTTP/1.1 200 OK"
2025-05-24 20:59:10,651 - INFO - HTTP Request: POST https://api.telegram.org/bot7402773153:AAFxzD6OGtPEdsH87l9v_sfv6_3nOlg3PD4/getUpdates "HTTP/1.1 200 OK"
2025-05-24 20:59:20,855 - INFO - HTTP Request: POST https://api.telegram.org/bot7402773153:AAFxzD6OGtPEdsH87l9v_sfv6_3nOlg3PD4/getUpdates "HTTP/1.1 200 OK"
2025-05-24 20:59:31,091 - INFO - HTTP Request: POST https://api.telegram.org/bot7402773153:AAFxzD6OGtPEdsH87l9v_sfv6_3nOlg3PD4/getUpdates "HTTP/1.1 200 OK"
2025-05-24 20:59:41,178 - INFO - HTTP Request: POST https://api.telegram.org/bot7402773153:AAFxzD6OGtPEdsH87l9v_sfv6_3nOlg3PD4/getUpdates "HTTP/1.1 200 OK"
2025-05-24 20:59:51,572 - INFO - HTTP Request: POST https://api.telegram.org/bot7402773153:AAFxzD6OGtPEdsH87l9v_sfv6_3nOlg3PD4/getUpdates "HTTP/1.1 200 OK"
2025-05-24 21:00:01,709 - INFO - HTTP Request: POST https://api.telegram.org/bot7402773153:AAFxzD6OGtPEdsH87l9v_sfv6_3nOlg3PD4/getUpdates "HTTP/1.1 200 OK"
2025-05-24 21:00:11,846 - INFO - HTTP Request: POST https://api.telegram.org/bot7402773153:AAFxzD6OGtPEdsH87l9v_sfv6_3nOlg3PD4/getUpdates "HTTP/1.1 200 OK"
